      1 zimbra password
      1 zdq 123456
      1 zabbix 12345
      1 z z
      1 yunwei 123456
      1 yufei 123456
      1 yue yue
      1 yde 123456
      1 xda 123456
      1 wxf 123456
      1 vivek vivek
      1 vgu 123456
      1 uvd 123456
      1 user user.123
      1 twq 123456
      1 ts3server ts3server
      1 trojanuser trojanuser
      1 toor 123456
      1 test test12!@
      1 test 123
      1 spamd spamd
      1 smb_user smb_user
      1 slm slm123
      1 shun shun
      1 service 123456
      1 root us
      1 root spark
      1 root secret@123
      1 root root#2023
      1 root qwer123456.
      1 root qwe123.0
      1 root password12345678
      1 root juan
      1 root ghbdtnbr
      1 root dietpi
      1 root dev123
      1 root china@123
      1 root admin123
      1 root aaaAAA111
      1 root Welcome1!
      1 root Sc123456
      1 root Root#1234
      1 root Qwe!@#456
      1 root Password09!
      1 root Password01
      1 root Mq@123456
      1 root Gm123456
      1 root Ga123456
      1 root Founder@2023
      1 root Akshay@123
      1 root AHdianxin@1234
      1 root 741852
      1 root 1qazxsw23edc
      1 root 1qaz@WSX
      1 root 1qaz2wsx2024
      1 root 1998
      1 root 123qwe!@#
      1 root 123@Root
      1 root 1234Qwer!
      1 root 123456789Ab
      1 root 121
      1 root #edc4rfv
      1 root !@#QWEasd
      1 qxl 123456
      1 qhf 123456
      1 qax 123456
      1 pyf 123456
      1 public 12345
      1 postgres postgres@4321
      1 postgres 000000
      1 postfix postfix123
      1 player 123456
      1 pby 123456
      1 pan pan123
      1 omm 123456
      1 odoo P@ssw0rd
      1 nxp 123456
      1 nqg 123456
      1 nextcloud 123456
      1 myuser myuser@123
      1 mongod mongod
      1 mfr 123456
      1 mc 123456
      1 mali 123456
      1 magento magento
      1 m m
      1 lvc 123456
      1 ltp 123456
      1 liyh liyh
      1 lcf 123456
      1 laravel 12345
      1 kch 123456
      1 kaikai kaikai123
      1 jhi 123456
      1 iso iso
      1 iol 123456
      1 installer installer
      1 hyh 123456
      1 hamid hamid
      1 hamed 123
      1 haha 123
      1 gitlab 1234
      1 ghost ghost
      1 fw fw
      1 fiw 123456
      1 fac 123456
      1 ejt 123456
      1 eii 123456
      1 ehsan ehsan
      1 ees 123456
      1 dockeruser dockeruser
      1 develop 123456
      1 deployer deployer
      1 deploy deploy@2023
      1 caduser caduser
      1 bm 123456
      1 bdm 123456
      1 arkserver arkserver
      1 app app123
      1 apf 123456
      1 ali Ali123
      1 admin hello123
      1 acb 123456
