    991 2024/04/12
   1461 2024/04/13
   1743 2024/04/14
   1779 2024/04/15
    840 2024/04/16
    631 2024/04/17
    724 2024/04/18
    637 2024/04/19
    473 2024/04/20
    864 2024/04/21
    683 2024/04/22
    353 2024/04/23
    353 2024/04/24
    379 2024/04/25
    313 2024/04/26
    615 2024/04/27
    639 2024/04/28
    510 2024/04/29
    341 2024/04/30
    609 2024/05/01
    428 2024/05/02
    676 2024/05/03
    612 2024/05/04
    536 2024/05/05
    940 2024/05/06
    589 2024/05/07
    135 2024/05/08
     87 2024/05/09
     41 2024/05/10
     64 2024/05/11
     48 2024/05/12
     35 2024/05/13
     17 2024/05/14
     32 2024/05/15
     27 2024/05/16
     12 2024/05/17
     41 2024/05/18
     50 2024/05/19
     22 2024/05/20
     42 2024/05/21
     15 2024/05/22
      5 2024/05/24
      9 2024/05/25
     10 2024/05/26
      7 2024/05/28
    239 2024/05/29
     77 2024/05/30
    429 2024/05/31
    213 2024/06/01
    144 2024/06/02
    271 2024/06/03
    861 2024/06/04
    344 2024/06/05
    257 2024/06/06
