 157494 SSH-2.0-libssh_0.9.6
 136066 SSH-2.0-Go
  14249 SSH-2.0-libssh2_1.9.0
  11809 SSH-2.0-libssh_0.7.4
  11636 SSH-2.0-libssh2_1.11.0
   6558 SSH-2.0-libssh_0.9.5
   6437 SSH-2.0-libssh2_1.4.3
   3660 SSH-2.0-libssh2_1.8.2
    922 SSH-2.0-libssh_0.10.5
    891 SSH-2.0-libssh_0.9.3
    785 SSH-2.0-makiko
    690 SSH-2.0-libssh2_1.8.0
    644 SSH-2.0-OpenSSH_8.9p1
    547 SSH-2.0-OpenSSH_7.4
    527 SSH-2.0-libssh2_1.7.0
    196 SSH-2.0-PuTTY_Release_0.62
    194 SSH-2.0-OpenSSH_5.3
    187 SSH-2.0-paramiko_1.8.1
    167 SSH-2.0-PuTTY_Release_0.63
    163 SSH-2.0-OpenSSH_6.6.1p1
    119 SSH-2.0-libssh2_1.10.0
    109 SSH-2.0-paramiko_2.0.2
    106 SSH-2.0-PuTTY_Release_0.65
    105 SSH-2.0-WinSCP_release_5.1.3
    101 SSH-2.0-PuTTY_KiTTY
    100 SSH-2.0-PuTTY_Release_0.67
     99 SSH-2.0-paramiko_2.1.1
     99 SSH-2.0-WinSCP_release_5.1.5
     98 SSH-2.0-OpenSSH_6.0p
     94 SSH-2.0-PuTTY_Snapshot_2010_02_20
     93 SSH-2.0-OpenSSH_6.2
     92 SSH-2.0-libssh_0.11
     91 SSH-2.0-PuTTY_Release_0.61
     90 SSH-2.0-OpenSSH_3.9p1
     88 SSH-2.0-paramiko_2.0.0
     88 SSH-2.0-OpenSSH_6.1
     86 SSH-2.0-libssh_0.4.8
     85 SSH-2.0-PuTTY_Release_0.60
     84 SSH-2.0-OpenSSH_6.0
     83 SSH-2.0-WinSCP_release_5.7.4
     82 SSH-2.0-libssh-0.6.0
     77 SSH-2.0-paramiko_1.7.5
     73 SSH-2.0-PuTTY_Release_0.64
     73 SSH-2.0-Nmap_SSH2_Hostkey
     73 SSH-2.0-JSCH_0.1.48
     72 SSH-2.0-paramiko_1.7.7.1
     72 SSH-2.0-paramiko_1.16.1
     72 SSH-2.0-WinSCP_release_3.8.1
     72 SSH-2.0-Granados-1.0
     71 SSH-2.0-WinSCP_release_5.7.6
     71 SSH-2.0-OpenSSH_4.3
     70 SSH-2.0_CoreLab-1.0
     70 SSH-2.0-paramiko_1.12.4
     69 SSH-2.0-PuTTY_Release_0.62.1
     68 SSH-2.0-paramiko_2.1.2
     68 SSH-2.0-paramiko_1.17.1
     67 SSH-2.0-paramiko_1.15.2
     67 SSH-2.0-PuTTY_Release_0.66
     66 SSH-2.0-paramiko_1.16.0
     66 SSH-2.0-paramiko_1.15.1
     63 SSH-2.0-WinSCP_release_5.2.7
     58 SSH-2.0-OpenSSH_5.2
     58 SSH-2.0-JSCH_0.1.51
     57 SSH-2.0-WinSCP_release_4.1.9
     56 SSH-2.0-OpenSSH_5.9
     55 SSH-2.0-libssh-0.3.4
     54 SSH-2.0-OpenSSH
     52 SSH-2.0-PuTTY_Release_0.58
     51 SSH-2.0-paramiko_1.10.1
     51 SSH-2.0-WinSCP_release_4.3.5
     50 SSH-2.0-libssh-0.7.3
     47 SSH-2.0-WinSCP_release_5.7.5
     46 SSH-2.0-libssh_0.5.5
     38 SSH-2.0-PuTTY_Release_0.59
     22 SSH-2.0-libssh_0.10.6
     22 SSH-2.0-OpenSSH_7.9p1
     18 SSH-2.0-OpenSSH_8.4p1
      8 SSH-2.0-OpenSSH_9.2p1
      8 SSH-2.0-JSCH-0.1.51
      5 SSH-2.0-HELLOWORLD
      4 SSH-2.0-phpseclib_1.0
      4 SSH-2.0-OpenSSH_7.4p1
      2 SSH-2.0-OpenSSH_6.7p1
      1 SSH-2.0-paramiko_3.4.0
