5954 2024/04/12
10585 2024/04/13
5736 2024/04/14
11504 2024/04/15
10109 2024/04/16
8179 2024/04/17
7335 2024/04/18
7985 2024/04/19
9206 2024/04/20
21976 2024/04/21
29337 2024/04/22
6066 2024/04/23
6704 2024/04/24
7466 2024/04/25
4885 2024/04/26
13952 2024/04/27
10469 2024/04/28
7363 2024/04/29
5769 2024/04/30
8689 2024/05/01
4957 2024/05/02
8953 2024/05/03
15934 2024/05/04
7466 2024/05/05
6531 2024/05/06
6764 2024/05/07
2256 2024/05/08
5564 2024/05/09
6487 2024/05/10
2547 2024/05/11
2082 2024/05/12
 823 2024/05/13
 634 2024/05/14
1126 2024/05/15
 983 2024/05/16
 443 2024/05/17
1217 2024/05/18
1281 2024/05/19
 141 2024/05/20
3812 2024/05/21
 219 2024/05/22
  50 2024/05/23
 406 2024/05/24
1087 2024/05/25
 541 2024/05/26
 368 2024/05/27
 568 2024/05/28
13347 2024/05/29
5902 2024/05/30
6307 2024/05/31
4484 2024/06/01
3018 2024/06/02
3331 2024/06/03
5363 2024/06/04
3528 2024/06/05
30192 2024/06/06
