   2 2024/04/12 03
  52 2024/04/12 04
  52 2024/04/12 05
 259 2024/04/12 06
 541 2024/04/12 07
 730 2024/04/12 08
 351 2024/04/12 09
 287 2024/04/12 10
 159 2024/04/12 11
 249 2024/04/12 12
 585 2024/04/12 13
 238 2024/04/12 14
 183 2024/04/12 15
  96 2024/04/12 16
 725 2024/04/12 17
 352 2024/04/12 18
  74 2024/04/12 19
 221 2024/04/12 20
 167 2024/04/12 21
 542 2024/04/12 22
  89 2024/04/12 23
 168 2024/04/13 00
 467 2024/04/13 01
 342 2024/04/13 02
 452 2024/04/13 03
 334 2024/04/13 04
2302 2024/04/13 05
 133 2024/04/13 06
 248 2024/04/13 07
  67 2024/04/13 08
  93 2024/04/13 09
 651 2024/04/13 10
 164 2024/04/13 11
 198 2024/04/13 12
 111 2024/04/13 13
 919 2024/04/13 14
 515 2024/04/13 15
 210 2024/04/13 16
 164 2024/04/13 17
  71 2024/04/13 18
2025 2024/04/13 19
 406 2024/04/13 20
 441 2024/04/13 21
  41 2024/04/13 22
  63 2024/04/13 23
  89 2024/04/14 00
 200 2024/04/14 01
1013 2024/04/14 02
 438 2024/04/14 03
  74 2024/04/14 04
 217 2024/04/14 05
 387 2024/04/14 06
  88 2024/04/14 07
  46 2024/04/14 08
  45 2024/04/14 09
  57 2024/04/14 10
 141 2024/04/14 11
 590 2024/04/14 12
  40 2024/04/14 13
  31 2024/04/14 14
 184 2024/04/14 15
  65 2024/04/14 16
 489 2024/04/14 17
 524 2024/04/14 18
 465 2024/04/14 19
 134 2024/04/14 20
 265 2024/04/14 21
  36 2024/04/14 22
 118 2024/04/14 23
 712 2024/04/15 00
 759 2024/04/15 01
2085 2024/04/15 02
 308 2024/04/15 03
 174 2024/04/15 04
 267 2024/04/15 05
2203 2024/04/15 06
 198 2024/04/15 07
 276 2024/04/15 08
 175 2024/04/15 09
 291 2024/04/15 10
 353 2024/04/15 11
1047 2024/04/15 12
 193 2024/04/15 13
  54 2024/04/15 14
 216 2024/04/15 15
 670 2024/04/15 16
 272 2024/04/15 17
  68 2024/04/15 18
  53 2024/04/15 19
  77 2024/04/15 20
 713 2024/04/15 21
  58 2024/04/15 22
 282 2024/04/15 23
 205 2024/04/16 00
 848 2024/04/16 01
 581 2024/04/16 02
 871 2024/04/16 03
 218 2024/04/16 04
 637 2024/04/16 05
  56 2024/04/16 06
 203 2024/04/16 07
 275 2024/04/16 08
  93 2024/04/16 09
 225 2024/04/16 10
 321 2024/04/16 11
 271 2024/04/16 12
 180 2024/04/16 13
 803 2024/04/16 14
 529 2024/04/16 15
 255 2024/04/16 16
 652 2024/04/16 17
 109 2024/04/16 18
 244 2024/04/16 19
 835 2024/04/16 20
 692 2024/04/16 21
 481 2024/04/16 22
 525 2024/04/16 23
 259 2024/04/17 00
 632 2024/04/17 01
 644 2024/04/17 02
  94 2024/04/17 03
 701 2024/04/17 04
  55 2024/04/17 05
  55 2024/04/17 06
 220 2024/04/17 07
 376 2024/04/17 08
 198 2024/04/17 09
 457 2024/04/17 10
 278 2024/04/17 11
 769 2024/04/17 12
 202 2024/04/17 13
 226 2024/04/17 14
  82 2024/04/17 15
 522 2024/04/17 16
 290 2024/04/17 17
1069 2024/04/17 18
 187 2024/04/17 19
 308 2024/04/17 20
 384 2024/04/17 21
 106 2024/04/17 22
  65 2024/04/17 23
  59 2024/04/18 00
  46 2024/04/18 01
 197 2024/04/18 02
 159 2024/04/18 03
1244 2024/04/18 04
1364 2024/04/18 05
 661 2024/04/18 06
  53 2024/04/18 07
  30 2024/04/18 08
 501 2024/04/18 09
  38 2024/04/18 10
 116 2024/04/18 11
 493 2024/04/18 12
1034 2024/04/18 13
 143 2024/04/18 14
 196 2024/04/18 15
  28 2024/04/18 16
 152 2024/04/18 17
  39 2024/04/18 18
  61 2024/04/18 19
  45 2024/04/18 20
  37 2024/04/18 21
 586 2024/04/18 22
  53 2024/04/18 23
  17 2024/04/19 00
 251 2024/04/19 01
 888 2024/04/19 02
 592 2024/04/19 03
 224 2024/04/19 04
 503 2024/04/19 05
 174 2024/04/19 06
 342 2024/04/19 07
  58 2024/04/19 08
  27 2024/04/19 09
  73 2024/04/19 10
 910 2024/04/19 11
 114 2024/04/19 12
 523 2024/04/19 13
  57 2024/04/19 14
  67 2024/04/19 15
1287 2024/04/19 16
 463 2024/04/19 17
  31 2024/04/19 18
 545 2024/04/19 19
 531 2024/04/19 20
  20 2024/04/19 21
   9 2024/04/19 22
 279 2024/04/19 23
 425 2024/04/20 00
  20 2024/04/20 01
 683 2024/04/20 02
  10 2024/04/20 03
 627 2024/04/20 04
 708 2024/04/20 05
 136 2024/04/20 06
 282 2024/04/20 07
  60 2024/04/20 08
 433 2024/04/20 09
 360 2024/04/20 10
 503 2024/04/20 11
   8 2024/04/20 12
  14 2024/04/20 13
 238 2024/04/20 14
  22 2024/04/20 15
1468 2024/04/20 16
 171 2024/04/20 17
 956 2024/04/20 18
  45 2024/04/20 19
 384 2024/04/20 20
 872 2024/04/20 21
 573 2024/04/20 22
 208 2024/04/20 23
  44 2024/04/21 00
  34 2024/04/21 01
1396 2024/04/21 02
 498 2024/04/21 03
2179 2024/04/21 04
1697 2024/04/21 05
1528 2024/04/21 06
1435 2024/04/21 07
2068 2024/04/21 08
2313 2024/04/21 09
1596 2024/04/21 10
1104 2024/04/21 11
 747 2024/04/21 12
 372 2024/04/21 13
 390 2024/04/21 14
1272 2024/04/21 15
 161 2024/04/21 16
 667 2024/04/21 17
  46 2024/04/21 18
 302 2024/04/21 19
1179 2024/04/21 20
 167 2024/04/21 21
 625 2024/04/21 22
 156 2024/04/21 23
 377 2024/04/22 00
 429 2024/04/22 01
   6 2024/04/22 02
 103 2024/04/22 03
1078 2024/04/22 04
  40 2024/04/22 05
  66 2024/04/22 06
  70 2024/04/22 07
 282 2024/04/22 08
 952 2024/04/22 09
 388 2024/04/22 10
 346 2024/04/22 11
 420 2024/04/22 12
10051 2024/04/22 13
7838 2024/04/22 14
3947 2024/04/22 15
 110 2024/04/22 16
 641 2024/04/22 17
 851 2024/04/22 18
 413 2024/04/22 19
 181 2024/04/22 20
 666 2024/04/22 21
  31 2024/04/22 22
  51 2024/04/22 23
 718 2024/04/23 00
 562 2024/04/23 01
  41 2024/04/23 02
   2 2024/04/23 03
  10 2024/04/23 04
 538 2024/04/23 05
 234 2024/04/23 06
 277 2024/04/23 07
   7 2024/04/23 08
  11 2024/04/23 09
  38 2024/04/23 10
 691 2024/04/23 11
 699 2024/04/23 12
 986 2024/04/23 13
 239 2024/04/23 14
  13 2024/04/23 15
 268 2024/04/23 16
  34 2024/04/23 17
  93 2024/04/23 18
  27 2024/04/23 19
  11 2024/04/23 20
 335 2024/04/23 21
 186 2024/04/23 22
  46 2024/04/23 23
  23 2024/04/24 00
  54 2024/04/24 01
 391 2024/04/24 02
 366 2024/04/24 03
 134 2024/04/24 04
 592 2024/04/24 05
 160 2024/04/24 06
  51 2024/04/24 07
  97 2024/04/24 08
 378 2024/04/24 09
 405 2024/04/24 10
 494 2024/04/24 11
 187 2024/04/24 12
  31 2024/04/24 13
  70 2024/04/24 14
 302 2024/04/24 15
  40 2024/04/24 16
  16 2024/04/24 17
 337 2024/04/24 18
  12 2024/04/24 19
 863 2024/04/24 20
 931 2024/04/24 21
 543 2024/04/24 22
 227 2024/04/24 23
 492 2024/04/25 00
 267 2024/04/25 01
 278 2024/04/25 02
 510 2024/04/25 03
1010 2024/04/25 04
 637 2024/04/25 05
 523 2024/04/25 06
 328 2024/04/25 07
 213 2024/04/25 08
 182 2024/04/25 09
 597 2024/04/25 10
 122 2024/04/25 11
 389 2024/04/25 12
 532 2024/04/25 13
  54 2024/04/25 14
  56 2024/04/25 15
  98 2024/04/25 16
 392 2024/04/25 17
  23 2024/04/25 18
 549 2024/04/25 19
  71 2024/04/25 20
  26 2024/04/25 21
  35 2024/04/25 22
  82 2024/04/25 23
 286 2024/04/26 00
  20 2024/04/26 01
  18 2024/04/26 02
 152 2024/04/26 03
 724 2024/04/26 04
 702 2024/04/26 05
  20 2024/04/26 06
   8 2024/04/26 07
   2 2024/04/26 08
   8 2024/04/26 09
   5 2024/04/26 10
  68 2024/04/26 11
 912 2024/04/26 12
 287 2024/04/26 13
   3 2024/04/26 14
 114 2024/04/26 15
 352 2024/04/26 16
  22 2024/04/26 17
 179 2024/04/26 18
  60 2024/04/26 19
  41 2024/04/26 20
  29 2024/04/26 21
 842 2024/04/26 22
  31 2024/04/26 23
   7 2024/04/27 00
 462 2024/04/27 01
1217 2024/04/27 02
 950 2024/04/27 03
1243 2024/04/27 04
 736 2024/04/27 05
 814 2024/04/27 06
1457 2024/04/27 07
 945 2024/04/27 08
 650 2024/04/27 09
1106 2024/04/27 10
1066 2024/04/27 11
 601 2024/04/27 12
 378 2024/04/27 13
  39 2024/04/27 14
   7 2024/04/27 15
  41 2024/04/27 16
 170 2024/04/27 17
 245 2024/04/27 18
 305 2024/04/27 19
 300 2024/04/27 20
 598 2024/04/27 21
 131 2024/04/27 22
 484 2024/04/27 23
 881 2024/04/28 00
 293 2024/04/28 01
3498 2024/04/28 02
 704 2024/04/28 03
  56 2024/04/28 04
 170 2024/04/28 05
  47 2024/04/28 06
   2 2024/04/28 07
 347 2024/04/28 08
 224 2024/04/28 09
   7 2024/04/28 10
  11 2024/04/28 11
 480 2024/04/28 12
 279 2024/04/28 13
   7 2024/04/28 14
 204 2024/04/28 15
 560 2024/04/28 16
 712 2024/04/28 17
 514 2024/04/28 18
 880 2024/04/28 19
   7 2024/04/28 20
 107 2024/04/28 21
 291 2024/04/28 22
 188 2024/04/28 23
 128 2024/04/29 00
 343 2024/04/29 01
  94 2024/04/29 02
  23 2024/04/29 03
 341 2024/04/29 04
 346 2024/04/29 05
 192 2024/04/29 06
  62 2024/04/29 07
 582 2024/04/29 08
 278 2024/04/29 09
  58 2024/04/29 10
  21 2024/04/29 11
  49 2024/04/29 12
   7 2024/04/29 13
 349 2024/04/29 14
 913 2024/04/29 15
 661 2024/04/29 16
 586 2024/04/29 17
  97 2024/04/29 18
 185 2024/04/29 19
1020 2024/04/29 20
 213 2024/04/29 21
 282 2024/04/29 22
 533 2024/04/29 23
 518 2024/04/30 00
 874 2024/04/30 01
 166 2024/04/30 02
 762 2024/04/30 03
  40 2024/04/30 04
 425 2024/04/30 05
 291 2024/04/30 06
  10 2024/04/30 07
 228 2024/04/30 08
  10 2024/04/30 09
   7 2024/04/30 10
  39 2024/04/30 11
  45 2024/04/30 12
 888 2024/04/30 13
  40 2024/04/30 14
   7 2024/04/30 15
  20 2024/04/30 16
  63 2024/04/30 17
 138 2024/04/30 18
 501 2024/04/30 19
 105 2024/04/30 20
 356 2024/04/30 21
 186 2024/04/30 22
  50 2024/04/30 23
  99 2024/05/01 00
 267 2024/05/01 01
 351 2024/05/01 02
 221 2024/05/01 03
  60 2024/05/01 04
 523 2024/05/01 05
 653 2024/05/01 06
 711 2024/05/01 07
 703 2024/05/01 08
 563 2024/05/01 09
  14 2024/05/01 10
 494 2024/05/01 11
  89 2024/05/01 12
 620 2024/05/01 13
  95 2024/05/01 14
 419 2024/05/01 15
 244 2024/05/01 16
 129 2024/05/01 17
 309 2024/05/01 18
 523 2024/05/01 19
 360 2024/05/01 20
 657 2024/05/01 21
 310 2024/05/01 22
 275 2024/05/01 23
 520 2024/05/02 00
 359 2024/05/02 01
 421 2024/05/02 02
 377 2024/05/02 03
 188 2024/05/02 04
 183 2024/05/02 05
 305 2024/05/02 06
 645 2024/05/02 07
  54 2024/05/02 08
  49 2024/05/02 09
  38 2024/05/02 10
  21 2024/05/02 11
  22 2024/05/02 12
 181 2024/05/02 13
 184 2024/05/02 14
  50 2024/05/02 15
 526 2024/05/02 16
  87 2024/05/02 17
  21 2024/05/02 18
 218 2024/05/02 19
  64 2024/05/02 20
  20 2024/05/02 21
 339 2024/05/02 22
  85 2024/05/02 23
 576 2024/05/03 00
 258 2024/05/03 01
 283 2024/05/03 02
 638 2024/05/03 03
 826 2024/05/03 04
 427 2024/05/03 05
 868 2024/05/03 06
 173 2024/05/03 07
 618 2024/05/03 08
 475 2024/05/03 09
 737 2024/05/03 10
 281 2024/05/03 11
  23 2024/05/03 12
  69 2024/05/03 13
 679 2024/05/03 14
  92 2024/05/03 15
  45 2024/05/03 16
 426 2024/05/03 17
 260 2024/05/03 18
 703 2024/05/03 19
 139 2024/05/03 20
 285 2024/05/03 21
  50 2024/05/03 22
  22 2024/05/03 23
1077 2024/05/04 00
 579 2024/05/04 01
 466 2024/05/04 02
1019 2024/05/04 03
  34 2024/05/04 04
  59 2024/05/04 05
  21 2024/05/04 06
  97 2024/05/04 07
 361 2024/05/04 08
2043 2024/05/04 09
2124 2024/05/04 10
2967 2024/05/04 11
1777 2024/05/04 12
  45 2024/05/04 13
 614 2024/05/04 14
  85 2024/05/04 15
  49 2024/05/04 16
 708 2024/05/04 17
 665 2024/05/04 18
  66 2024/05/04 19
  24 2024/05/04 20
 380 2024/05/04 21
 191 2024/05/04 22
 483 2024/05/04 23
 537 2024/05/05 00
1079 2024/05/05 01
  33 2024/05/05 02
  77 2024/05/05 03
 466 2024/05/05 04
 310 2024/05/05 05
 171 2024/05/05 06
  13 2024/05/05 07
 542 2024/05/05 08
 623 2024/05/05 09
 139 2024/05/05 10
 207 2024/05/05 11
  24 2024/05/05 12
  19 2024/05/05 13
   7 2024/05/05 14
  10 2024/05/05 15
  36 2024/05/05 16
  16 2024/05/05 17
 657 2024/05/05 18
 155 2024/05/05 19
 100 2024/05/05 20
1350 2024/05/05 21
 424 2024/05/05 22
 471 2024/05/05 23
 425 2024/05/06 00
 225 2024/05/06 01
 454 2024/05/06 02
  96 2024/05/06 03
 426 2024/05/06 04
 448 2024/05/06 05
  10 2024/05/06 06
 480 2024/05/06 07
 152 2024/05/06 08
  42 2024/05/06 09
  73 2024/05/06 10
  40 2024/05/06 11
  14 2024/05/06 12
  41 2024/05/06 13
  13 2024/05/06 14
 529 2024/05/06 15
 455 2024/05/06 16
  91 2024/05/06 17
 240 2024/05/06 18
  18 2024/05/06 19
  13 2024/05/06 20
 331 2024/05/06 21
1070 2024/05/06 22
 845 2024/05/06 23
 455 2024/05/07 00
  74 2024/05/07 01
 106 2024/05/07 02
 256 2024/05/07 03
  76 2024/05/07 04
 100 2024/05/07 05
 524 2024/05/07 06
  46 2024/05/07 07
 280 2024/05/07 08
 911 2024/05/07 09
 126 2024/05/07 10
  56 2024/05/07 11
 389 2024/05/07 12
 300 2024/05/07 13
  83 2024/05/07 14
   1 2024/05/07 15
 335 2024/05/07 16
 340 2024/05/07 17
 555 2024/05/07 18
 199 2024/05/07 19
  50 2024/05/07 20
 682 2024/05/07 21
 240 2024/05/07 22
 580 2024/05/07 23
 470 2024/05/08 00
 701 2024/05/08 01
 432 2024/05/08 02
  84 2024/05/08 03
  20 2024/05/08 04
  35 2024/05/08 05
  58 2024/05/08 06
 277 2024/05/08 07
  66 2024/05/08 09
   9 2024/05/08 10
  93 2024/05/08 13
   3 2024/05/08 14
   1 2024/05/08 16
   1 2024/05/08 19
   6 2024/05/08 20
 170 2024/05/09 00
  51 2024/05/09 01
  76 2024/05/09 02
 140 2024/05/09 03
   3 2024/05/09 04
 138 2024/05/09 05
  10 2024/05/09 06
 149 2024/05/09 07
  25 2024/05/09 08
  33 2024/05/09 09
 329 2024/05/09 12
 300 2024/05/09 13
 332 2024/05/09 14
 402 2024/05/09 15
 352 2024/05/09 16
 358 2024/05/09 17
 385 2024/05/09 18
 342 2024/05/09 19
 330 2024/05/09 20
 470 2024/05/09 21
 296 2024/05/09 22
 873 2024/05/09 23
 317 2024/05/10 00
 319 2024/05/10 01
 328 2024/05/10 02
 301 2024/05/10 03
 284 2024/05/10 04
 344 2024/05/10 05
 461 2024/05/10 06
 332 2024/05/10 07
 375 2024/05/10 08
 468 2024/05/10 09
 319 2024/05/10 10
 443 2024/05/10 11
 523 2024/05/10 12
 514 2024/05/10 13
 316 2024/05/10 14
 324 2024/05/10 15
 344 2024/05/10 16
 118 2024/05/10 17
   1 2024/05/10 19
   1 2024/05/10 20
  55 2024/05/10 21
 166 2024/05/11 00
  65 2024/05/11 01
  76 2024/05/11 02
  86 2024/05/11 03
  55 2024/05/11 04
  12 2024/05/11 05
  64 2024/05/11 06
  50 2024/05/11 07
 192 2024/05/11 08
   5 2024/05/11 09
   1 2024/05/11 10
 170 2024/05/11 11
  62 2024/05/11 12
  77 2024/05/11 13
1272 2024/05/11 14
  85 2024/05/11 15
  42 2024/05/11 16
  33 2024/05/11 19
   3 2024/05/11 20
  30 2024/05/11 21
   1 2024/05/11 23
  37 2024/05/12 01
   9 2024/05/12 02
  24 2024/05/12 03
   1 2024/05/12 04
  17 2024/05/12 05
   2 2024/05/12 07
   1 2024/05/12 09
 167 2024/05/12 10
  22 2024/05/12 11
 457 2024/05/12 12
 493 2024/05/12 13
  41 2024/05/12 14
 233 2024/05/12 15
  12 2024/05/12 16
  49 2024/05/12 17
 146 2024/05/12 18
   1 2024/05/12 19
   1 2024/05/12 20
  30 2024/05/12 21
 240 2024/05/12 22
  99 2024/05/12 23
  41 2024/05/13 01
   3 2024/05/13 02
  36 2024/05/13 03
  26 2024/05/13 06
  52 2024/05/13 07
  88 2024/05/13 08
  93 2024/05/13 09
  44 2024/05/13 10
  35 2024/05/13 11
  41 2024/05/13 12
  13 2024/05/13 13
  14 2024/05/13 14
   1 2024/05/13 15
   2 2024/05/13 18
 167 2024/05/13 21
 167 2024/05/13 22
 413 2024/05/14 01
   5 2024/05/14 02
   2 2024/05/14 03
   6 2024/05/14 05
   9 2024/05/14 06
   1 2024/05/14 08
  15 2024/05/14 09
   1 2024/05/14 10
   9 2024/05/14 11
   8 2024/05/14 12
   4 2024/05/14 13
  18 2024/05/14 14
  26 2024/05/14 16
   6 2024/05/14 17
  24 2024/05/14 20
  87 2024/05/14 21
   3 2024/05/15 03
  23 2024/05/15 04
  58 2024/05/15 05
  51 2024/05/15 06
 173 2024/05/15 07
 167 2024/05/15 08
  19 2024/05/15 09
   1 2024/05/15 10
 383 2024/05/15 11
   7 2024/05/15 12
   1 2024/05/15 14
  29 2024/05/15 15
  37 2024/05/15 17
  46 2024/05/15 20
  66 2024/05/15 21
   1 2024/05/15 22
  61 2024/05/15 23
  53 2024/05/16 00
 167 2024/05/16 02
  10 2024/05/16 04
  39 2024/05/16 05
   1 2024/05/16 06
   6 2024/05/16 07
   6 2024/05/16 08
  56 2024/05/16 11
  53 2024/05/16 13
  55 2024/05/16 14
  72 2024/05/16 15
 347 2024/05/16 16
 118 2024/05/16 23
   3 2024/05/17 00
  10 2024/05/17 04
  25 2024/05/17 06
  85 2024/05/17 07
   2 2024/05/17 08
  40 2024/05/17 09
   4 2024/05/17 10
   2 2024/05/17 11
   1 2024/05/17 12
  48 2024/05/17 13
  32 2024/05/17 14
  37 2024/05/17 15
  63 2024/05/17 16
  58 2024/05/17 17
  33 2024/05/17 22
   7 2024/05/18 00
  32 2024/05/18 01
  60 2024/05/18 02
 167 2024/05/18 03
   7 2024/05/18 04
 189 2024/05/18 05
 193 2024/05/18 07
  93 2024/05/18 08
  22 2024/05/18 09
   2 2024/05/18 10
  33 2024/05/18 11
   1 2024/05/18 12
   7 2024/05/18 13
   2 2024/05/18 14
  41 2024/05/18 15
 107 2024/05/18 16
 134 2024/05/18 17
  39 2024/05/18 18
  39 2024/05/18 19
  41 2024/05/18 20
   1 2024/05/18 21
  41 2024/05/19 00
   2 2024/05/19 01
 244 2024/05/19 02
  82 2024/05/19 03
   4 2024/05/19 04
  78 2024/05/19 05
 132 2024/05/19 06
  53 2024/05/19 07
  40 2024/05/19 09
  38 2024/05/19 10
 157 2024/05/19 11
  41 2024/05/19 12
  12 2024/05/19 13
  18 2024/05/19 14
   2 2024/05/19 16
  41 2024/05/19 20
 231 2024/05/19 22
  65 2024/05/19 23
  29 2024/05/20 00
   1 2024/05/20 01
   5 2024/05/20 02
   5 2024/05/20 06
   2 2024/05/20 07
   1 2024/05/20 09
   1 2024/05/20 10
   1 2024/05/20 11
   2 2024/05/20 12
   2 2024/05/20 13
  75 2024/05/20 15
   1 2024/05/20 16
   1 2024/05/20 19
   4 2024/05/20 21
  11 2024/05/20 22
   1 2024/05/21 01
   1 2024/05/21 03
  55 2024/05/21 04
 136 2024/05/21 05
 120 2024/05/21 06
   7 2024/05/21 07
   2 2024/05/21 08
   6 2024/05/21 11
  44 2024/05/21 12
   1 2024/05/21 13
   4 2024/05/21 14
   1 2024/05/21 16
   1 2024/05/21 17
 431 2024/05/21 20
   1 2024/05/21 21
3001 2024/05/21 22
   1 2024/05/22 02
   3 2024/05/22 04
   4 2024/05/22 05
   7 2024/05/22 09
 167 2024/05/22 10
  15 2024/05/22 13
  15 2024/05/22 15
   7 2024/05/22 17
   2 2024/05/23 01
   1 2024/05/23 02
   1 2024/05/23 04
   1 2024/05/23 06
   1 2024/05/23 07
  13 2024/05/23 11
  13 2024/05/23 12
   2 2024/05/23 13
   1 2024/05/23 14
  15 2024/05/23 23
 116 2024/05/24 03
 109 2024/05/24 04
  61 2024/05/24 05
 108 2024/05/24 06
  11 2024/05/24 17
   1 2024/05/24 22
   3 2024/05/25 01
   1 2024/05/25 02
  66 2024/05/25 03
  81 2024/05/25 07
   2 2024/05/25 08
  40 2024/05/25 09
   2 2024/05/25 10
  38 2024/05/25 11
  63 2024/05/25 12
 408 2024/05/25 13
 271 2024/05/25 15
   1 2024/05/25 16
  32 2024/05/25 19
   1 2024/05/25 20
  36 2024/05/25 21
   1 2024/05/25 22
  41 2024/05/25 23
  41 2024/05/26 04
  39 2024/05/26 05
   6 2024/05/26 11
  15 2024/05/26 15
  31 2024/05/26 18
   1 2024/05/26 20
 408 2024/05/26 21
   1 2024/05/27 00
   1 2024/05/27 01
  42 2024/05/27 02
  19 2024/05/27 03
  44 2024/05/27 04
  39 2024/05/27 06
   1 2024/05/27 07
   1 2024/05/27 08
   1 2024/05/27 09
   7 2024/05/27 10
   1 2024/05/27 11
   7 2024/05/27 12
  59 2024/05/27 14
  46 2024/05/27 16
  15 2024/05/27 17
   1 2024/05/27 19
  42 2024/05/27 20
   1 2024/05/27 21
  38 2024/05/27 22
   2 2024/05/27 23
   3 2024/05/28 02
   1 2024/05/28 04
   3 2024/05/28 05
   2 2024/05/28 06
   3 2024/05/28 07
   7 2024/05/28 08
 408 2024/05/28 09
   1 2024/05/28 11
   1 2024/05/28 12
   5 2024/05/28 13
   1 2024/05/28 14
  94 2024/05/28 16
   3 2024/05/28 18
   1 2024/05/28 20
  33 2024/05/28 21
   1 2024/05/28 22
   1 2024/05/28 23
   6 2024/05/29 00
 423 2024/05/29 01
1433 2024/05/29 02
1412 2024/05/29 03
1547 2024/05/29 04
1418 2024/05/29 05
1241 2024/05/29 06
1265 2024/05/29 07
1289 2024/05/29 08
1184 2024/05/29 09
 326 2024/05/29 10
  14 2024/05/29 11
  11 2024/05/29 12
 450 2024/05/29 13
 171 2024/05/29 14
  16 2024/05/29 15
  95 2024/05/29 16
   8 2024/05/29 17
 179 2024/05/29 18
  10 2024/05/29 19
  16 2024/05/29 20
 283 2024/05/29 21
 407 2024/05/29 22
 143 2024/05/29 23
  34 2024/05/30 00
  25 2024/05/30 01
   9 2024/05/30 02
  22 2024/05/30 03
  44 2024/05/30 04
  19 2024/05/30 05
 183 2024/05/30 06
   8 2024/05/30 07
  36 2024/05/30 08
  37 2024/05/30 09
  76 2024/05/30 10
  12 2024/05/30 11
 102 2024/05/30 12
  13 2024/05/30 13
  73 2024/05/30 14
   8 2024/05/30 15
  34 2024/05/30 16
  38 2024/05/30 17
  92 2024/05/30 18
  39 2024/05/30 19
  11 2024/05/30 20
4445 2024/05/30 21
  78 2024/05/30 22
 464 2024/05/30 23
1677 2024/05/31 00
 483 2024/05/31 01
 665 2024/05/31 02
 516 2024/05/31 03
 458 2024/05/31 04
 338 2024/05/31 05
  10 2024/05/31 06
  37 2024/05/31 07
 643 2024/05/31 08
 132 2024/05/31 09
 175 2024/05/31 10
 179 2024/05/31 11
  14 2024/05/31 12
  12 2024/05/31 13
  14 2024/05/31 14
  12 2024/05/31 15
  38 2024/05/31 16
 339 2024/05/31 17
 290 2024/05/31 18
 112 2024/05/31 19
  60 2024/05/31 20
  32 2024/05/31 21
  55 2024/05/31 22
  16 2024/05/31 23
  13 2024/06/01 00
  13 2024/06/01 01
  29 2024/06/01 02
  21 2024/06/01 03
   7 2024/06/01 04
  76 2024/06/01 05
 471 2024/06/01 06
 517 2024/06/01 07
 472 2024/06/01 08
 627 2024/06/01 09
 530 2024/06/01 10
 477 2024/06/01 11
 333 2024/06/01 12
   9 2024/06/01 13
  35 2024/06/01 14
   6 2024/06/01 15
   6 2024/06/01 16
  34 2024/06/01 17
   6 2024/06/01 18
  40 2024/06/01 19
  81 2024/06/01 20
   5 2024/06/01 21
 327 2024/06/01 22
 349 2024/06/01 23
 230 2024/06/02 00
  11 2024/06/02 01
  40 2024/06/02 02
  12 2024/06/02 03
   9 2024/06/02 04
  53 2024/06/02 05
  16 2024/06/02 06
  14 2024/06/02 07
  11 2024/06/02 08
 369 2024/06/02 09
 531 2024/06/02 10
 190 2024/06/02 11
  14 2024/06/02 12
  74 2024/06/02 13
 315 2024/06/02 14
   7 2024/06/02 15
  85 2024/06/02 16
  13 2024/06/02 17
  33 2024/06/02 18
  10 2024/06/02 19
  73 2024/06/02 20
 328 2024/06/02 21
 555 2024/06/02 22
  25 2024/06/02 23
  43 2024/06/03 00
 189 2024/06/03 01
  26 2024/06/03 02
 334 2024/06/03 03
 404 2024/06/03 04
 200 2024/06/03 05
  61 2024/06/03 06
  58 2024/06/03 07
  96 2024/06/03 08
  15 2024/06/03 09
  76 2024/06/03 10
 184 2024/06/03 11
 120 2024/06/03 12
  29 2024/06/03 13
  46 2024/06/03 14
  43 2024/06/03 15
  75 2024/06/03 16
 483 2024/06/03 17
  38 2024/06/03 18
  31 2024/06/03 19
 656 2024/06/03 20
  48 2024/06/03 21
  16 2024/06/03 22
  60 2024/06/03 23
  62 2024/06/04 00
 659 2024/06/04 01
 147 2024/06/04 02
  44 2024/06/04 03
 208 2024/06/04 04
 691 2024/06/04 05
   8 2024/06/04 06
  95 2024/06/04 07
 796 2024/06/04 08
  63 2024/06/04 09
 705 2024/06/04 10
  17 2024/06/04 11
 133 2024/06/04 12
 101 2024/06/04 13
 384 2024/06/04 14
  16 2024/06/04 15
 202 2024/06/04 16
 230 2024/06/04 17
  40 2024/06/04 18
  20 2024/06/04 19
  11 2024/06/04 20
 634 2024/06/04 21
  37 2024/06/04 22
  60 2024/06/04 23
  14 2024/06/05 00
  16 2024/06/05 01
 219 2024/06/05 02
 383 2024/06/05 03
 293 2024/06/05 04
  83 2024/06/05 05
  60 2024/06/05 06
 161 2024/06/05 07
 187 2024/06/05 08
  13 2024/06/05 09
 175 2024/06/05 10
 350 2024/06/05 11
 116 2024/06/05 12
 293 2024/06/05 13
 332 2024/06/05 14
 322 2024/06/05 15
 203 2024/06/05 16
  10 2024/06/05 17
 193 2024/06/05 18
   9 2024/06/05 19
  17 2024/06/05 20
  50 2024/06/05 21
   8 2024/06/05 22
  21 2024/06/05 23
   7 2024/06/06 00
  97 2024/06/06 01
  35 2024/06/06 02
  89 2024/06/06 03
  78 2024/06/06 04
  66 2024/06/06 05
 150 2024/06/06 06
  90 2024/06/06 07
 131 2024/06/06 08
 382 2024/06/06 09
 116 2024/06/06 10
 146 2024/06/06 11
  96 2024/06/06 12
5158 2024/06/06 13
9183 2024/06/06 14
8657 2024/06/06 15
5635 2024/06/06 16
  76 2024/06/06 17
